<?xml version="1.0" encoding="UTF-8" ?>
<testsuite tests="4" failures="0" name="com.basic.FirstFeatureFile.RunMyFirstFeatureTest" time="0.024" errors="2" skipped="1">
  <properties>
[...]
</properties>
  <testcase classname="Scenario: Validate First Name field" name="Given User needs to be on the Facebook login page" time="0.002"/>
  <testcase classname="Scenario: Validate First Name field" name="When User enters first name" time="0.007">
    <error message="Unrecognized platform: windows nt
Build info: version: &apos;3.5.2&apos;, revision: &apos;10229a9&apos;, time: &apos;2017-08-21T17:29:55.15Z&apos;
System info: host: &apos;DESKTOP-EM5FD9K&apos;, ip: &apos;192.168.56.1&apos;, os.name: &apos;Windows 10&apos;, os.arch: &apos;amd64&apos;, os.version: &apos;10.0&apos;, java.version: &apos;1.8.0_231&apos;
Driver info: driver.version: RemoteWebDriver" type="org.openqa.selenium.WebDriverException">org.openqa.selenium.WebDriverException: Unrecognized platform: windows nt
Build info: version: &apos;3.5.2&apos;, revision: &apos;10229a9&apos;, time: &apos;2017-08-21T17:29:55.15Z&apos;
System info: host: &apos;DESKTOP-EM5FD9K&apos;, ip: &apos;192.168.56.1&apos;, os.name: &apos;Windows 10&apos;, os.arch: &apos;amd64&apos;, os.version: &apos;10.0&apos;, java.version: &apos;1.8.0_231&apos;
Driver info: driver.version: RemoteWebDriver
	at org.openqa.selenium.Platform.fromString(Platform.java:300)
	at org.openqa.selenium.Capabilities.getPlatform(Capabilities.java:46)
	at org.openqa.selenium.remote.RemoteWebDriver.toString(RemoteWebDriver.java:1100)
	at java.util.Formatter$FormatSpecifier.printString(Unknown Source)
	at java.util.Formatter$FormatSpecifier.print(Unknown Source)
	at java.util.Formatter.format(Unknown Source)
	at java.util.Formatter.format(Unknown Source)
	at java.lang.String.format(Unknown Source)
	at org.openqa.selenium.remote.RemoteWebElement.setFoundBy(RemoteWebElement.java:62)
	at org.openqa.selenium.remote.RemoteWebDriver.setFoundBy(RemoteWebDriver.java:430)
	at org.openqa.selenium.remote.RemoteWebDriver.findElement(RemoteWebDriver.java:423)
	at org.openqa.selenium.remote.RemoteWebDriver.findElementByXPath(RemoteWebDriver.java:513)
	at org.openqa.selenium.By$ByXPath.findElement(By.java:361)
	at org.openqa.selenium.remote.RemoteWebDriver.findElement(RemoteWebDriver.java:406)
	at com.basic.FirstFeatureFile.MyFirstStepDef.user_enters_first_name(MyFirstStepDef.java:28)
	at ✽.When User enters first name(com/basic/FirstFeatureFile/MyFirstFeature.feature:6)
</error>
  </testcase>
  <testcase classname="Scenario: Validate First Name field" name="Scenario: Validate First Name field" time="0.007">
    <error message="Unrecognized platform: windows nt
Build info: version: &apos;3.5.2&apos;, revision: &apos;10229a9&apos;, time: &apos;2017-08-21T17:29:55.15Z&apos;
System info: host: &apos;DESKTOP-EM5FD9K&apos;, ip: &apos;192.168.56.1&apos;, os.name: &apos;Windows 10&apos;, os.arch: &apos;amd64&apos;, os.version: &apos;10.0&apos;, java.version: &apos;1.8.0_231&apos;
Driver info: driver.version: RemoteWebDriver" type="org.openqa.selenium.WebDriverException">org.openqa.selenium.WebDriverException: Unrecognized platform: windows nt
Build info: version: &apos;3.5.2&apos;, revision: &apos;10229a9&apos;, time: &apos;2017-08-21T17:29:55.15Z&apos;
System info: host: &apos;DESKTOP-EM5FD9K&apos;, ip: &apos;192.168.56.1&apos;, os.name: &apos;Windows 10&apos;, os.arch: &apos;amd64&apos;, os.version: &apos;10.0&apos;, java.version: &apos;1.8.0_231&apos;
Driver info: driver.version: RemoteWebDriver
	at org.openqa.selenium.Platform.fromString(Platform.java:300)
	at org.openqa.selenium.Capabilities.getPlatform(Capabilities.java:46)
	at org.openqa.selenium.remote.RemoteWebDriver.toString(RemoteWebDriver.java:1100)
	at java.util.Formatter$FormatSpecifier.printString(Unknown Source)
	at java.util.Formatter$FormatSpecifier.print(Unknown Source)
	at java.util.Formatter.format(Unknown Source)
	at java.util.Formatter.format(Unknown Source)
	at java.lang.String.format(Unknown Source)
	at org.openqa.selenium.remote.RemoteWebElement.setFoundBy(RemoteWebElement.java:62)
	at org.openqa.selenium.remote.RemoteWebDriver.setFoundBy(RemoteWebDriver.java:430)
	at org.openqa.selenium.remote.RemoteWebDriver.findElement(RemoteWebDriver.java:423)
	at org.openqa.selenium.remote.RemoteWebDriver.findElementByXPath(RemoteWebDriver.java:513)
	at org.openqa.selenium.By$ByXPath.findElement(By.java:361)
	at org.openqa.selenium.remote.RemoteWebDriver.findElement(RemoteWebDriver.java:406)
	at com.basic.FirstFeatureFile.MyFirstStepDef.user_enters_first_name(MyFirstStepDef.java:28)
	at ✽.When User enters first name(com/basic/FirstFeatureFile/MyFirstFeature.feature:6)
</error>
  </testcase>
  <testcase classname="Scenario: Validate First Name field" name="Then User checks if first name is present" time="0.008">
    <skipped/>
  </testcase>
</testsuite>